════════════════════════════════════════════════════════════
[12:45:36] Reasoning::Thinking...
► INPUT : {'type': 'THOUGHT', 'content': 'Hypothesis for \'{\'type\': \'THOUGHT\', \'content\': \'Hypothesis for \\\'{\\\'type\\\': \\\'THOUGHT\\\', \\\'content\\\': \\\'Hypothesis for \\\\\\\'{\\\\\\\'type\\\\\\\': \\\\\\\'THOUGHT\\\\\\\', \\\\\\\'content\\\\\\\': "Hypothesis for \\\\\\\'READ_FILE: HOURS?”\\\\\\\': It depends on context.", \\\\\\\'depth\\\\\\\': 1, \\\\\\\'priority\\\\\\\': 6.0, \\\\\\\'source\\\\\\\': \\\\\\\'Recursion\\\\\\\'}\\\\\\\': It depends on context.\\\', \\\'depth\\\': 2, \\\'priority\\\': 6.0, \\\'source\\\': \\\'Recursion\\\'}\\\': It depends on context.\', \'depth\': 3, \'priority\': 6.0, \'source\': \'Recursion\'}\': It depends on context.', 'depth': 4, 'priority': 6.0, 'source': 'Recursion'}
► OUTPUT: Processing
════════════════════════════════════════════════════════════
════════════════════════════════════════════════════════════
[12:45:36] Reasoning::DECISION
► INPUT : {'type': 'THOUGHT', 'content': 'Hypothesis for \'{\'type\': \'THOUGHT\', \'content\': \'Hypothesis for \\\'{\\\'type\\\': \\\'THOUGHT\\\', \\\'content\\\': \\\'Hypothesis for \\\\\\\'{\\\\\\\'type\\\\\\\': \\\\\\\'THOUGHT\\\\\\\', \\\\\\\'content\\\\\\\': "Hypothesis for \\\\\\\'READ_FILE: HOURS?”\\\\\\\': It depends on context.", \\\\\\\'depth\\\\\\\': 1, \\\\\\\'priority\\\\\\\': 6.0, \\\\\\\'source\\\\\\\': \\\\\\\'Recursion\\\\\\\'}\\\\\\\': It depends on context.\\\', \\\'depth\\\': 2, \\\'priority\\\': 6.0, \\\'source\\\': \\\'Recursion\\\'}\\\': It depends on context.\', \'depth\': 3, \'priority\': 6.0, \'source\': \'Recursion\'}\': It depends on context.', 'depth': 4, 'priority': 6.0, 'source': 'Recursion'}
► OUTPUT: {'type': 'ANSWER', 'content': 'Analysis: Proposition seems plausible. (Valid: True)', 'priority': 7.0}
════════════════════════════════════════════════════════════
════════════════════════════════════════════════════════════
[12:45:37] Reasoning::Thinking...
► INPUT : {'type': 'THOUGHT', 'content': 'Hypothesis for \'{\'type\': \'THOUGHT\', \'content\': \'Hypothesis for \\\'{\\\'type\\\': \\\'THOUGHT\\\', \\\'content\\\': \\\'Hypothesis for \\\\\\\'{\\\\\\\'type\\\\\\\': \\\\\\\'THOUGHT\\\\\\\', \\\\\\\'content\\\\\\\': \\\\\\\'Hypothesis for \\\\\\\\\\\\\\\'{\\\\\\\\\\\\\\\'type\\\\\\\\\\\\\\\': \\\\\\\\\\\\\\\'THOUGHT\\\\\\\\\\\\\\\', \\\\\\\\\\\\\\\'content\\\\\\\\\\\\\\\': "Hypothesis for \\\\\\\\\\\\\\\'READ_FILE: HOURS?”\\\\\\\\\\\\\\\': It depends on context.", \\\\\\\\\\\\\\\'depth\\\\\\\\\\\\\\\': 1, \\\\\\\\\\\\\\\'priority\\\\\\\\\\\\\\\': 6.0, \\\\\\\\\\\\\\\'source\\\\\\\\\\\\\\\': \\\\\\\\\\\\\\\'Recursion\\\\\\\\\\\\\\\'}\\\\\\\\\\\\\\\': It depends on context.\\\\\\\', \\\\\\\'depth\\\\\\\': 2, \\\\\\\'priority\\\\\\\': 6.0, \\\\\\\'source\\\\\\\': \\\\\\\'Recursion\\\\\\\'}\\\\\\\': It depends on context.\\\', \\\'depth\\\': 3, \\\'priority\\\': 6.0, \\\'source\\\': \\\'Recursion\\\'}\\\': It depends on context.\', \'depth\': 4, \'priority\': 6.0, \'source\': \'Recursion\'}\': It depends on context.', 'depth': 5, 'priority': 6.0, 'source': 'Recursion'}
► OUTPUT: Processing
════════════════════════════════════════════════════════════
════════════════════════════════════════════════════════════
[12:45:37] Reasoning::DECISION
► INPUT : {'type': 'THOUGHT', 'content': 'Hypothesis for \'{\'type\': \'THOUGHT\', \'content\': \'Hypothesis for \\\'{\\\'type\\\': \\\'THOUGHT\\\', \\\'content\\\': \\\'Hypothesis for \\\\\\\'{\\\\\\\'type\\\\\\\': \\\\\\\'THOUGHT\\\\\\\', \\\\\\\'content\\\\\\\': \\\\\\\'Hypothesis for \\\\\\\\\\\\\\\'{\\\\\\\\\\\\\\\'type\\\\\\\\\\\\\\\': \\\\\\\\\\\\\\\'THOUGHT\\\\\\\\\\\\\\\', \\\\\\\\\\\\\\\'content\\\\\\\\\\\\\\\': "Hypothesis for \\\\\\\\\\\\\\\'READ_FILE: HOURS?”\\\\\\\\\\\\\\\': It depends on context.", \\\\\\\\\\\\\\\'depth\\\\\\\\\\\\\\\': 1, \\\\\\\\\\\\\\\'priority\\\\\\\\\\\\\\\': 6.0, \\\\\\\\\\\\\\\'source\\\\\\\\\\\\\\\': \\\\\\\\\\\\\\\'Recursion\\\\\\\\\\\\\\\'}\\\\\\\\\\\\\\\': It depends on context.\\\\\\\', \\\\\\\'depth\\\\\\\': 2, \\\\\\\'priority\\\\\\\': 6.0, \\\\\\\'source\\\\\\\': \\\\\\\'Recursion\\\\\\\'}\\\\\\\': It depends on context.\\\', \\\'depth\\\': 3, \\\'priority\\\': 6.0, \\\'source\\\': \\\'Recursion\\\'}\\\': It depends on context.\', \'depth\': 4, \'priority\': 6.0, \'source\': \'Recursion\'}\': It depends on context.', 'depth': 5, 'priority': 6.0, 'source': 'Recursion'}
► OUTPUT: {'type': 'ANSWER', 'content': 'Analysis: Proposition seems plausible. (Valid: True)', 'priority': 7.0}
════════════════════════════════════════════════════════════
════════════════════════════════════════════════════════════
[12:52:40] Reasoning::Thinking...
► INPUT : READ_FILE: SAID?
► OUTPUT: Processing
════════════════════════════════════════════════════════════
════════════════════════════════════════════════════════════
[12:52:40] Reasoning::DECISION
► INPUT : READ_FILE: SAID?
► OUTPUT: {'type': 'ANSWER', 'content': 'Analysis: Proposition seems plausible. (Valid: True)', 'priority': 7.0}
════════════════════════════════════════════════════════════
════════════════════════════════════════════════════════════
[12:52:41] Reasoning::Thinking...
► INPUT : {'type': 'THOUGHT', 'content': "Hypothesis for 'READ_FILE: SAID?': It depends on context.", 'depth': 1, 'priority': 6.0, 'source': 'Recursion'}
► OUTPUT: Processing
════════════════════════════════════════════════════════════
════════════════════════════════════════════════════════════
[12:52:41] Reasoning::DECISION
► INPUT : {'type': 'THOUGHT', 'content': "Hypothesis for 'READ_FILE: SAID?': It depends on context.", 'depth': 1, 'priority': 6.0, 'source': 'Recursion'}
► OUTPUT: {'type': 'ANSWER', 'content': 'Analysis: Proposition seems plausible. (Valid: True)', 'priority': 7.0}
════════════════════════════════════════════════════════════
════════════════════════════════════════════════════════════
[12:52:41] Reasoning::Thinking...
► INPUT : {'type': 'THOUGHT', 'content': 'Hypothesis for \'{\'type\': \'THOUGHT\', \'content\': "Hypothesis for \'READ_FILE: SAID?\': It depends on context.", \'depth\': 1, \'priority\': 6.0, \'source\': \'Recursion\'}\': It depends on context.', 'depth': 2, 'priority': 6.0, 'source': 'Recursion'}
► OUTPUT: Processing
════════════════════════════════════════════════════════════
════════════════════════════════════════════════════════════
[12:52:41] Reasoning::DECISION
► INPUT : {'type': 'THOUGHT', 'content': 'Hypothesis for \'{\'type\': \'THOUGHT\', \'content\': "Hypothesis for \'READ_FILE: SAID?\': It depends on context.", \'depth\': 1, \'priority\': 6.0, \'source\': \'Recursion\'}\': It depends on context.', 'depth': 2, 'priority': 6.0, 'source': 'Recursion'}
► OUTPUT: {'type': 'ANSWER', 'content': 'Analysis: Proposition seems plausible. (Valid: True)', 'priority': 7.0}
════════════════════════════════════════════════════════════
════════════════════════════════════════════════════════════
[12:52:42] Reasoning::Thinking...
► INPUT : {'type': 'THOUGHT', 'content': 'Hypothesis for \'{\'type\': \'THOUGHT\', \'content\': \'Hypothesis for \\\'{\\\'type\\\': \\\'THOUGHT\\\', \\\'content\\\': "Hypothesis for \\\'READ_FILE: SAID?\\\': It depends on context.", \\\'depth\\\': 1, \\\'priority\\\': 6.0, \\\'source\\\': \\\'Recursion\\\'}\\\': It depends on context.\', \'depth\': 2, \'priority\': 6.0, \'source\': \'Recursion\'}\': It depends on context.', 'depth': 3, 'priority': 6.0, 'source': 'Recursion'}
► OUTPUT: Processing
════════════════════════════════════════════════════════════
════════════════════════════════════════════════════════════
[12:52:42] Reasoning::DECISION
► INPUT : {'type': 'THOUGHT', 'content': 'Hypothesis for \'{\'type\': \'THOUGHT\', \'content\': \'Hypothesis for \\\'{\\\'type\\\': \\\'THOUGHT\\\', \\\'content\\\': "Hypothesis for \\\'READ_FILE: SAID?\\\': It depends on context.", \\\'depth\\\': 1, \\\'priority\\\': 6.0, \\\'source\\\': \\\'Recursion\\\'}\\\': It depends on context.\', \'depth\': 2, \'priority\': 6.0, \'source\': \'Recursion\'}\': It depends on context.', 'depth': 3, 'priority': 6.0, 'source': 'Recursion'}
► OUTPUT: {'type': 'ANSWER', 'content': 'Analysis: Proposition seems plausible. (Valid: True)', 'priority': 7.0}
════════════════════════════════════════════════════════════
════════════════════════════════════════════════════════════
[12:52:42] Reasoning::Thinking...
► INPUT : {'type': 'THOUGHT', 'content': 'Hypothesis for \'{\'type\': \'THOUGHT\', \'content\': \'Hypothesis for \\\'{\\\'type\\\': \\\'THOUGHT\\\', \\\'content\\\': \\\'Hypothesis for \\\\\\\'{\\\\\\\'type\\\\\\\': \\\\\\\'THOUGHT\\\\\\\', \\\\\\\'content\\\\\\\': "Hypothesis for \\\\\\\'READ_FILE: SAID?\\\\\\\': It depends on context.", \\\\\\\'depth\\\\\\\': 1, \\\\\\\'priority\\\\\\\': 6.0, \\\\\\\'source\\\\\\\': \\\\\\\'Recursion\\\\\\\'}\\\\\\\': It depends on context.\\\', \\\'depth\\\': 2, \\\'priority\\\': 6.0, \\\'source\\\': \\\'Recursion\\\'}\\\': It depends on context.\', \'depth\': 3, \'priority\': 6.0, \'source\': \'Recursion\'}\': It depends on context.', 'depth': 4, 'priority': 6.0, 'source': 'Recursion'}
► OUTPUT: Processing
════════════════════════════════════════════════════════════
════════════════════════════════════════════════════════════
[12:52:42] Reasoning::DECISION
► INPUT : {'type': 'THOUGHT', 'content': 'Hypothesis for \'{\'type\': \'THOUGHT\', \'content\': \'Hypothesis for \\\'{\\\'type\\\': \\\'THOUGHT\\\', \\\'content\\\': \\\'Hypothesis for \\\\\\\'{\\\\\\\'type\\\\\\\': \\\\\\\'THOUGHT\\\\\\\', \\\\\\\'content\\\\\\\': "Hypothesis for \\\\\\\'READ_FILE: SAID?\\\\\\\': It depends on context.", \\\\\\\'depth\\\\\\\': 1, \\\\\\\'priority\\\\\\\': 6.0, \\\\\\\'source\\\\\\\': \\\\\\\'Recursion\\\\\\\'}\\\\\\\': It depends on context.\\\', \\\'depth\\\': 2, \\\'priority\\\': 6.0, \\\'source\\\': \\\'Recursion\\\'}\\\': It depends on context.\', \'depth\': 3, \'priority\': 6.0, \'source\': \'Recursion\'}\': It depends on context.', 'depth': 4, 'priority': 6.0, 'source': 'Recursion'}
► OUTPUT: {'type': 'ANSWER', 'content': 'Analysis: Proposition seems plausible. (Valid: True)', 'priority': 7.0}
════════════════════════════════════════════════════════════
════════════════════════════════════════════════════════════
[12:52:43] Reasoning::Thinking...
► INPUT : {'type': 'THOUGHT', 'content': 'Hypothesis for \'{\'type\': \'THOUGHT\', \'content\': \'Hypothesis for \\\'{\\\'type\\\': \\\'THOUGHT\\\', \\\'content\\\': \\\'Hypothesis for \\\\\\\'{\\\\\\\'type\\\\\\\': \\\\\\\'THOUGHT\\\\\\\', \\\\\\\'content\\\\\\\': \\\\\\\'Hypothesis for \\\\\\\\\\\\\\\'{\\\\\\\\\\\\\\\'type\\\\\\\\\\\\\\\': \\\\\\\\\\\\\\\'THOUGHT\\\\\\\\\\\\\\\', \\\\\\\\\\\\\\\'content\\\\\\\\\\\\\\\': "Hypothesis for \\\\\\\\\\\\\\\'READ_FILE: SAID?\\\\\\\\\\\\\\\': It depends on context.", \\\\\\\\\\\\\\\'depth\\\\\\\\\\\\\\\': 1, \\\\\\\\\\\\\\\'priority\\\\\\\\\\\\\\\': 6.0, \\\\\\\\\\\\\\\'source\\\\\\\\\\\\\\\': \\\\\\\\\\\\\\\'Recursion\\\\\\\\\\\\\\\'}\\\\\\\\\\\\\\\': It depends on context.\\\\\\\', \\\\\\\'depth\\\\\\\': 2, \\\\\\\'priority\\\\\\\': 6.0, \\\\\\\'source\\\\\\\': \\\\\\\'Recursion\\\\\\\'}\\\\\\\': It depends on context.\\\', \\\'depth\\\': 3, \\\'priority\\\': 6.0, \\\'source\\\': \\\'Recursion\\\'}\\\': It depends on context.\', \'depth\': 4, \'priority\': 6.0, \'source\': \'Recursion\'}\': It depends on context.', 'depth': 5, 'priority': 6.0, 'source': 'Recursion'}
► OUTPUT: Processing
════════════════════════════════════════════════════════════
════════════════════════════════════════════════════════════
[12:52:43] Reasoning::DECISION
► INPUT : {'type': 'THOUGHT', 'content': 'Hypothesis for \'{\'type\': \'THOUGHT\', \'content\': \'Hypothesis for \\\'{\\\'type\\\': \\\'THOUGHT\\\', \\\'content\\\': \\\'Hypothesis for \\\\\\\'{\\\\\\\'type\\\\\\\': \\\\\\\'THOUGHT\\\\\\\', \\\\\\\'content\\\\\\\': \\\\\\\'Hypothesis for \\\\\\\\\\\\\\\'{\\\\\\\\\\\\\\\'type\\\\\\\\\\\\\\\': \\\\\\\\\\\\\\\'THOUGHT\\\\\\\\\\\\\\\', \\\\\\\\\\\\\\\'content\\\\\\\\\\\\\\\': "Hypothesis for \\\\\\\\\\\\\\\'READ_FILE: SAID?\\\\\\\\\\\\\\\': It depends on context.", \\\\\\\\\\\\\\\'depth\\\\\\\\\\\\\\\': 1, \\\\\\\\\\\\\\\'priority\\\\\\\\\\\\\\\': 6.0, \\\\\\\\\\\\\\\'source\\\\\\\\\\\\\\\': \\\\\\\\\\\\\\\'Recursion\\\\\\\\\\\\\\\'}\\\\\\\\\\\\\\\': It depends on context.\\\\\\\', \\\\\\\'depth\\\\\\\': 2, \\\\\\\'priority\\\\\\\': 6.0, \\\\\\\'source\\\\\\\': \\\\\\\'Recursion\\\\\\\'}\\\\\\\': It depends on context.\\\', \\\'depth\\\': 3, \\\'priority\\\': 6.0, \\\'source\\\': \\\'Recursion\\\'}\\\': It depends on context.\', \'depth\': 4, \'priority\': 6.0, \'source\': \'Recursion\'}\': It depends on context.', 'depth': 5, 'priority': 6.0, 'source': 'Recursion'}
► OUTPUT: {'type': 'ANSWER', 'content': 'Analysis: Proposition seems plausible. (Valid: True)', 'priority': 7.0}
════════════════════════════════════════════════════════════
════════════════════════════════════════════════════════════
[12:55:16] Reasoning::Thinking...
► INPUT : SPEAK: HOW?—BUT
► OUTPUT: Processing
════════════════════════════════════════════════════════════
════════════════════════════════════════════════════════════
[12:55:16] Reasoning::DECISION
► INPUT : SPEAK: HOW?—BUT
► OUTPUT: {'type': 'ANSWER', 'content': 'Analysis: Proposition seems plausible. (Valid: True)', 'priority': 7.0}
════════════════════════════════════════════════════════════
════════════════════════════════════════════════════════════
[12:55:16] Reasoning::Thinking...
► INPUT : {'type': 'THOUGHT', 'content': "Hypothesis for 'SPEAK: HOW?—BUT': It depends on context.", 'depth': 1, 'priority': 6.0, 'source': 'Recursion'}
► OUTPUT: Processing
════════════════════════════════════════════════════════════
════════════════════════════════════════════════════════════
[12:55:16] Reasoning::DECISION
► INPUT : {'type': 'THOUGHT', 'content': "Hypothesis for 'SPEAK: HOW?—BUT': It depends on context.", 'depth': 1, 'priority': 6.0, 'source': 'Recursion'}
► OUTPUT: {'type': 'ANSWER', 'content': 'Analysis: Proposition seems plausible. (Valid: True)', 'priority': 7.0}
════════════════════════════════════════════════════════════
════════════════════════════════════════════════════════════
[12:55:17] Reasoning::Thinking...
► INPUT : {'type': 'THOUGHT', 'content': 'Hypothesis for \'{\'type\': \'THOUGHT\', \'content\': "Hypothesis for \'SPEAK: HOW?—BUT\': It depends on context.", \'depth\': 1, \'priority\': 6.0, \'source\': \'Recursion\'}\': It depends on context.', 'depth': 2, 'priority': 6.0, 'source': 'Recursion'}
► OUTPUT: Processing
════════════════════════════════════════════════════════════
════════════════════════════════════════════════════════════
[12:55:17] Reasoning::DECISION
► INPUT : {'type': 'THOUGHT', 'content': 'Hypothesis for \'{\'type\': \'THOUGHT\', \'content\': "Hypothesis for \'SPEAK: HOW?—BUT\': It depends on context.", \'depth\': 1, \'priority\': 6.0, \'source\': \'Recursion\'}\': It depends on context.', 'depth': 2, 'priority': 6.0, 'source': 'Recursion'}
► OUTPUT: {'type': 'ANSWER', 'content': 'Analysis: Proposition seems plausible. (Valid: True)', 'priority': 7.0}
════════════════════════════════════════════════════════════
════════════════════════════════════════════════════════════
[12:55:17] Reasoning::Thinking...
► INPUT : {'type': 'THOUGHT', 'content': 'Hypothesis for \'{\'type\': \'THOUGHT\', \'content\': \'Hypothesis for \\\'{\\\'type\\\': \\\'THOUGHT\\\', \\\'content\\\': "Hypothesis for \\\'SPEAK: HOW?—BUT\\\': It depends on context.", \\\'depth\\\': 1, \\\'priority\\\': 6.0, \\\'source\\\': \\\'Recursion\\\'}\\\': It depends on context.\', \'depth\': 2, \'priority\': 6.0, \'source\': \'Recursion\'}\': It depends on context.', 'depth': 3, 'priority': 6.0, 'source': 'Recursion'}
► OUTPUT: Processing
════════════════════════════════════════════════════════════
════════════════════════════════════════════════════════════
[12:55:17] Reasoning::DECISION
► INPUT : {'type': 'THOUGHT', 'content': 'Hypothesis for \'{\'type\': \'THOUGHT\', \'content\': \'Hypothesis for \\\'{\\\'type\\\': \\\'THOUGHT\\\', \\\'content\\\': "Hypothesis for \\\'SPEAK: HOW?—BUT\\\': It depends on context.", \\\'depth\\\': 1, \\\'priority\\\': 6.0, \\\'source\\\': \\\'Recursion\\\'}\\\': It depends on context.\', \'depth\': 2, \'priority\': 6.0, \'source\': \'Recursion\'}\': It depends on context.', 'depth': 3, 'priority': 6.0, 'source': 'Recursion'}
► OUTPUT: {'type': 'ANSWER', 'content': 'Analysis: Proposition seems plausible. (Valid: True)', 'priority': 7.0}
════════════════════════════════════════════════════════════
════════════════════════════════════════════════════════════
[12:55:18] Reasoning::Thinking...
► INPUT : {'type': 'THOUGHT', 'content': 'Hypothesis for \'{\'type\': \'THOUGHT\', \'content\': \'Hypothesis for \\\'{\\\'type\\\': \\\'THOUGHT\\\', \\\'content\\\': \\\'Hypothesis for \\\\\\\'{\\\\\\\'type\\\\\\\': \\\\\\\'THOUGHT\\\\\\\', \\\\\\\'content\\\\\\\': "Hypothesis for \\\\\\\'SPEAK: HOW?—BUT\\\\\\\': It depends on context.", \\\\\\\'depth\\\\\\\': 1, \\\\\\\'priority\\\\\\\': 6.0, \\\\\\\'source\\\\\\\': \\\\\\\'Recursion\\\\\\\'}\\\\\\\': It depends on context.\\\', \\\'depth\\\': 2, \\\'priority\\\': 6.0, \\\'source\\\': \\\'Recursion\\\'}\\\': It depends on context.\', \'depth\': 3, \'priority\': 6.0, \'source\': \'Recursion\'}\': It depends on context.', 'depth': 4, 'priority': 6.0, 'source': 'Recursion'}
► OUTPUT: Processing
════════════════════════════════════════════════════════════
════════════════════════════════════════════════════════════
[12:55:18] Reasoning::DECISION
► INPUT : {'type': 'THOUGHT', 'content': 'Hypothesis for \'{\'type\': \'THOUGHT\', \'content\': \'Hypothesis for \\\'{\\\'type\\\': \\\'THOUGHT\\\', \\\'content\\\': \\\'Hypothesis for \\\\\\\'{\\\\\\\'type\\\\\\\': \\\\\\\'THOUGHT\\\\\\\', \\\\\\\'content\\\\\\\': "Hypothesis for \\\\\\\'SPEAK: HOW?—BUT\\\\\\\': It depends on context.", \\\\\\\'depth\\\\\\\': 1, \\\\\\\'priority\\\\\\\': 6.0, \\\\\\\'source\\\\\\\': \\\\\\\'Recursion\\\\\\\'}\\\\\\\': It depends on context.\\\', \\\'depth\\\': 2, \\\'priority\\\': 6.0, \\\'source\\\': \\\'Recursion\\\'}\\\': It depends on context.\', \'depth\': 3, \'priority\': 6.0, \'source\': \'Recursion\'}\': It depends on context.', 'depth': 4, 'priority': 6.0, 'source': 'Recursion'}
► OUTPUT: {'type': 'ANSWER', 'content': 'Analysis: Proposition seems plausible. (Valid: True)', 'priority': 7.0}
════════════════════════════════════════════════════════════
════════════════════════════════════════════════════════════
[12:55:18] Reasoning::Thinking...
► INPUT : {'type': 'THOUGHT', 'content': 'Hypothesis for \'{\'type\': \'THOUGHT\', \'content\': \'Hypothesis for \\\'{\\\'type\\\': \\\'THOUGHT\\\', \\\'content\\\': \\\'Hypothesis for \\\\\\\'{\\\\\\\'type\\\\\\\': \\\\\\\'THOUGHT\\\\\\\', \\\\\\\'content\\\\\\\': \\\\\\\'Hypothesis for \\\\\\\\\\\\\\\'{\\\\\\\\\\\\\\\'type\\\\\\\\\\\\\\\': \\\\\\\\\\\\\\\'THOUGHT\\\\\\\\\\\\\\\', \\\\\\\\\\\\\\\'content\\\\\\\\\\\\\\\': "Hypothesis for \\\\\\\\\\\\\\\'SPEAK: HOW?—BUT\\\\\\\\\\\\\\\': It depends on context.", \\\\\\\\\\\\\\\'depth\\\\\\\\\\\\\\\': 1, \\\\\\\\\\\\\\\'priority\\\\\\\\\\\\\\\': 6.0, \\\\\\\\\\\\\\\'source\\\\\\\\\\\\\\\': \\\\\\\\\\\\\\\'Recursion\\\\\\\\\\\\\\\'}\\\\\\\\\\\\\\\': It depends on context.\\\\\\\', \\\\\\\'depth\\\\\\\': 2, \\\\\\\'priority\\\\\\\': 6.0, \\\\\\\'source\\\\\\\': \\\\\\\'Recursion\\\\\\\'}\\\\\\\': It depends on context.\\\', \\\'depth\\\': 3, \\\'priority\\\': 6.0, \\\'source\\\': \\\'Recursion\\\'}\\\': It depends on context.\', \'depth\': 4, \'priority\': 6.0, \'source\': \'Recursion\'}\': It depends on context.', 'depth': 5, 'priority': 6.0, 'source': 'Recursion'}
► OUTPUT: Processing
════════════════════════════════════════════════════════════
════════════════════════════════════════════════════════════
[12:55:18] Reasoning::DECISION
► INPUT : {'type': 'THOUGHT', 'content': 'Hypothesis for \'{\'type\': \'THOUGHT\', \'content\': \'Hypothesis for \\\'{\\\'type\\\': \\\'THOUGHT\\\', \\\'content\\\': \\\'Hypothesis for \\\\\\\'{\\\\\\\'type\\\\\\\': \\\\\\\'THOUGHT\\\\\\\', \\\\\\\'content\\\\\\\': \\\\\\\'Hypothesis for \\\\\\\\\\\\\\\'{\\\\\\\\\\\\\\\'type\\\\\\\\\\\\\\\': \\\\\\\\\\\\\\\'THOUGHT\\\\\\\\\\\\\\\', \\\\\\\\\\\\\\\'content\\\\\\\\\\\\\\\': "Hypothesis for \\\\\\\\\\\\\\\'SPEAK: HOW?—BUT\\\\\\\\\\\\\\\': It depends on context.", \\\\\\\\\\\\\\\'depth\\\\\\\\\\\\\\\': 1, \\\\\\\\\\\\\\\'priority\\\\\\\\\\\\\\\': 6.0, \\\\\\\\\\\\\\\'source\\\\\\\\\\\\\\\': \\\\\\\\\\\\\\\'Recursion\\\\\\\\\\\\\\\'}\\\\\\\\\\\\\\\': It depends on context.\\\\\\\', \\\\\\\'depth\\\\\\\': 2, \\\\\\\'priority\\\\\\\': 6.0, \\\\\\\'source\\\\\\\': \\\\\\\'Recursion\\\\\\\'}\\\\\\\': It depends on context.\\\', \\\'depth\\\': 3, \\\'priority\\\': 6.0, \\\'source\\\': \\\'Recursion\\\'}\\\': It depends on context.\', \'depth\': 4, \'priority\': 6.0, \'source\': \'Recursion\'}\': It depends on context.', 'depth': 5, 'priority': 6.0, 'source': 'Recursion'}
► OUTPUT: {'type': 'ANSWER', 'content': 'Analysis: Proposition seems plausible. (Valid: True)', 'priority': 7.0}
════════════════════════════════════════════════════════════
════════════════════════════════════════════════════════════
[12:57:39] Reasoning::Thinking...
► INPUT : RESEARCH: MAD?
► OUTPUT: Processing
════════════════════════════════════════════════════════════
════════════════════════════════════════════════════════════
[12:57:39] Reasoning::DECISION
► INPUT : RESEARCH: MAD?
► OUTPUT: {'type': 'ANSWER', 'content': 'Analysis: Proposition seems plausible. (Valid: True)', 'priority': 7.0}
════════════════════════════════════════════════════════════
════════════════════════════════════════════════════════════
[12:57:40] Reasoning::Thinking...
► INPUT : {'type': 'THOUGHT', 'content': "Hypothesis for 'RESEARCH: MAD?': It depends on context.", 'depth': 1, 'priority': 6.0, 'source': 'Recursion'}
► OUTPUT: Processing
════════════════════════════════════════════════════════════
════════════════════════════════════════════════════════════
[12:57:40] Reasoning::DECISION
► INPUT : {'type': 'THOUGHT', 'content': "Hypothesis for 'RESEARCH: MAD?': It depends on context.", 'depth': 1, 'priority': 6.0, 'source': 'Recursion'}
► OUTPUT: {'type': 'ANSWER', 'content': 'Analysis: Proposition seems plausible. (Valid: True)', 'priority': 7.0}
════════════════════════════════════════════════════════════
════════════════════════════════════════════════════════════
[12:57:40] Reasoning::Thinking...
► INPUT : {'type': 'THOUGHT', 'content': 'Hypothesis for \'{\'type\': \'THOUGHT\', \'content\': "Hypothesis for \'RESEARCH: MAD?\': It depends on context.", \'depth\': 1, \'priority\': 6.0, \'source\': \'Recursion\'}\': It depends on context.', 'depth': 2, 'priority': 6.0, 'source': 'Recursion'}
► OUTPUT: Processing
════════════════════════════════════════════════════════════
════════════════════════════════════════════════════════════
[12:57:40] Reasoning::DECISION
► INPUT : {'type': 'THOUGHT', 'content': 'Hypothesis for \'{\'type\': \'THOUGHT\', \'content\': "Hypothesis for \'RESEARCH: MAD?\': It depends on context.", \'depth\': 1, \'priority\': 6.0, \'source\': \'Recursion\'}\': It depends on context.', 'depth': 2, 'priority': 6.0, 'source': 'Recursion'}
► OUTPUT: {'type': 'ANSWER', 'content': 'Analysis: Proposition seems plausible. (Valid: True)', 'priority': 7.0}
════════════════════════════════════════════════════════════
════════════════════════════════════════════════════════════
[12:57:41] Reasoning::Thinking...
► INPUT : {'type': 'THOUGHT', 'content': 'Hypothesis for \'{\'type\': \'THOUGHT\', \'content\': \'Hypothesis for \\\'{\\\'type\\\': \\\'THOUGHT\\\', \\\'content\\\': "Hypothesis for \\\'RESEARCH: MAD?\\\': It depends on context.", \\\'depth\\\': 1, \\\'priority\\\': 6.0, \\\'source\\\': \\\'Recursion\\\'}\\\': It depends on context.\', \'depth\': 2, \'priority\': 6.0, \'source\': \'Recursion\'}\': It depends on context.', 'depth': 3, 'priority': 6.0, 'source': 'Recursion'}
► OUTPUT: Processing
════════════════════════════════════════════════════════════
════════════════════════════════════════════════════════════
[12:57:41] Reasoning::DECISION
► INPUT : {'type': 'THOUGHT', 'content': 'Hypothesis for \'{\'type\': \'THOUGHT\', \'content\': \'Hypothesis for \\\'{\\\'type\\\': \\\'THOUGHT\\\', \\\'content\\\': "Hypothesis for \\\'RESEARCH: MAD?\\\': It depends on context.", \\\'depth\\\': 1, \\\'priority\\\': 6.0, \\\'source\\\': \\\'Recursion\\\'}\\\': It depends on context.\', \'depth\': 2, \'priority\': 6.0, \'source\': \'Recursion\'}\': It depends on context.', 'depth': 3, 'priority': 6.0, 'source': 'Recursion'}
► OUTPUT: {'type': 'ANSWER', 'content': 'Analysis: Proposition seems plausible. (Valid: True)', 'priority': 7.0}
════════════════════════════════════════════════════════════
════════════════════════════════════════════════════════════
[12:57:41] Reasoning::Thinking...
► INPUT : {'type': 'THOUGHT', 'content': 'Hypothesis for \'{\'type\': \'THOUGHT\', \'content\': \'Hypothesis for \\\'{\\\'type\\\': \\\'THOUGHT\\\', \\\'content\\\': \\\'Hypothesis for \\\\\\\'{\\\\\\\'type\\\\\\\': \\\\\\\'THOUGHT\\\\\\\', \\\\\\\'content\\\\\\\': "Hypothesis for \\\\\\\'RESEARCH: MAD?\\\\\\\': It depends on context.", \\\\\\\'depth\\\\\\\': 1, \\\\\\\'priority\\\\\\\': 6.0, \\\\\\\'source\\\\\\\': \\\\\\\'Recursion\\\\\\\'}\\\\\\\': It depends on context.\\\', \\\'depth\\\': 2, \\\'priority\\\': 6.0, \\\'source\\\': \\\'Recursion\\\'}\\\': It depends on context.\', \'depth\': 3, \'priority\': 6.0, \'source\': \'Recursion\'}\': It depends on context.', 'depth': 4, 'priority': 6.0, 'source': 'Recursion'}
► OUTPUT: Processing
════════════════════════════════════════════════════════════
════════════════════════════════════════════════════════════
[12:57:41] Reasoning::DECISION
► INPUT : {'type': 'THOUGHT', 'content': 'Hypothesis for \'{\'type\': \'THOUGHT\', \'content\': \'Hypothesis for \\\'{\\\'type\\\': \\\'THOUGHT\\\', \\\'content\\\': \\\'Hypothesis for \\\\\\\'{\\\\\\\'type\\\\\\\': \\\\\\\'THOUGHT\\\\\\\', \\\\\\\'content\\\\\\\': "Hypothesis for \\\\\\\'RESEARCH: MAD?\\\\\\\': It depends on context.", \\\\\\\'depth\\\\\\\': 1, \\\\\\\'priority\\\\\\\': 6.0, \\\\\\\'source\\\\\\\': \\\\\\\'Recursion\\\\\\\'}\\\\\\\': It depends on context.\\\', \\\'depth\\\': 2, \\\'priority\\\': 6.0, \\\'source\\\': \\\'Recursion\\\'}\\\': It depends on context.\', \'depth\': 3, \'priority\': 6.0, \'source\': \'Recursion\'}\': It depends on context.', 'depth': 4, 'priority': 6.0, 'source': 'Recursion'}
► OUTPUT: {'type': 'ANSWER', 'content': 'Analysis: Proposition seems plausible. (Valid: True)', 'priority': 7.0}
════════════════════════════════════════════════════════════
════════════════════════════════════════════════════════════
[12:57:42] Reasoning::Thinking...
► INPUT : {'type': 'THOUGHT', 'content': 'Hypothesis for \'{\'type\': \'THOUGHT\', \'content\': \'Hypothesis for \\\'{\\\'type\\\': \\\'THOUGHT\\\', \\\'content\\\': \\\'Hypothesis for \\\\\\\'{\\\\\\\'type\\\\\\\': \\\\\\\'THOUGHT\\\\\\\', \\\\\\\'content\\\\\\\': \\\\\\\'Hypothesis for \\\\\\\\\\\\\\\'{\\\\\\\\\\\\\\\'type\\\\\\\\\\\\\\\': \\\\\\\\\\\\\\\'THOUGHT\\\\\\\\\\\\\\\', \\\\\\\\\\\\\\\'content\\\\\\\\\\\\\\\': "Hypothesis for \\\\\\\\\\\\\\\'RESEARCH: MAD?\\\\\\\\\\\\\\\': It depends on context.", \\\\\\\\\\\\\\\'depth\\\\\\\\\\\\\\\': 1, \\\\\\\\\\\\\\\'priority\\\\\\\\\\\\\\\': 6.0, \\\\\\\\\\\\\\\'source\\\\\\\\\\\\\\\': \\\\\\\\\\\\\\\'Recursion\\\\\\\\\\\\\\\'}\\\\\\\\\\\\\\\': It depends on context.\\\\\\\', \\\\\\\'depth\\\\\\\': 2, \\\\\\\'priority\\\\\\\': 6.0, \\\\\\\'source\\\\\\\': \\\\\\\'Recursion\\\\\\\'}\\\\\\\': It depends on context.\\\', \\\'depth\\\': 3, \\\'priority\\\': 6.0, \\\'source\\\': \\\'Recursion\\\'}\\\': It depends on context.\', \'depth\': 4, \'priority\': 6.0, \'source\': \'Recursion\'}\': It depends on context.', 'depth': 5, 'priority': 6.0, 'source': 'Recursion'}
► OUTPUT: Processing
════════════════════════════════════════════════════════════
════════════════════════════════════════════════════════════
[12:57:42] Reasoning::DECISION
► INPUT : {'type': 'THOUGHT', 'content': 'Hypothesis for \'{\'type\': \'THOUGHT\', \'content\': \'Hypothesis for \\\'{\\\'type\\\': \\\'THOUGHT\\\', \\\'content\\\': \\\'Hypothesis for \\\\\\\'{\\\\\\\'type\\\\\\\': \\\\\\\'THOUGHT\\\\\\\', \\\\\\\'content\\\\\\\': \\\\\\\'Hypothesis for \\\\\\\\\\\\\\\'{\\\\\\\\\\\\\\\'type\\\\\\\\\\\\\\\': \\\\\\\\\\\\\\\'THOUGHT\\\\\\\\\\\\\\\', \\\\\\\\\\\\\\\'content\\\\\\\\\\\\\\\': "Hypothesis for \\\\\\\\\\\\\\\'RESEARCH: MAD?\\\\\\\\\\\\\\\': It depends on context.", \\\\\\\\\\\\\\\'depth\\\\\\\\\\\\\\\': 1, \\\\\\\\\\\\\\\'priority\\\\\\\\\\\\\\\': 6.0, \\\\\\\\\\\\\\\'source\\\\\\\\\\\\\\\': \\\\\\\\\\\\\\\'Recursion\\\\\\\\\\\\\\\'}\\\\\\\\\\\\\\\': It depends on context.\\\\\\\', \\\\\\\'depth\\\\\\\': 2, \\\\\\\'priority\\\\\\\': 6.0, \\\\\\\'source\\\\\\\': \\\\\\\'Recursion\\\\\\\'}\\\\\\\': It depends on context.\\\', \\\'depth\\\': 3, \\\'priority\\\': 6.0, \\\'source\\\': \\\'Recursion\\\'}\\\': It depends on context.\', \'depth\': 4, \'priority\': 6.0, \'source\': \'Recursion\'}\': It depends on context.', 'depth': 5, 'priority': 6.0, 'source': 'Recursion'}
► OUTPUT: {'type': 'ANSWER', 'content': 'Analysis: Proposition seems plausible. (Valid: True)', 'priority': 7.0}
════════════════════════════════════════════════════════════
════════════════════════════════════════════════════════════
[12:58:19] Reasoning::Thinking...
► INPUT : RESEARCH: THIS?
► OUTPUT: Processing
════════════════════════════════════════════════════════════
════════════════════════════════════════════════════════════
[12:58:19] Reasoning::DECISION
► INPUT : RESEARCH: THIS?
► OUTPUT: {'type': 'ANSWER', 'content': 'Analysis: Proposition seems plausible. (Valid: True)', 'priority': 7.0}
════════════════════════════════════════════════════════════
════════════════════════════════════════════════════════════
[12:58:19] Reasoning::Thinking...
► INPUT : {'type': 'THOUGHT', 'content': "Hypothesis for 'RESEARCH: THIS?': It depends on context.", 'depth': 1, 'priority': 6.0, 'source': 'Recursion'}
► OUTPUT: Processing
════════════════════════════════════════════════════════════
════════════════════════════════════════════════════════════
[12:58:19] Reasoning::DECISION
► INPUT : {'type': 'THOUGHT', 'content': "Hypothesis for 'RESEARCH: THIS?': It depends on context.", 'depth': 1, 'priority': 6.0, 'source': 'Recursion'}
► OUTPUT: {'type': 'ANSWER', 'content': 'Analysis: Proposition seems plausible. (Valid: True)', 'priority': 7.0}
════════════════════════════════════════════════════════════
════════════════════════════════════════════════════════════
[12:58:20] Reasoning::Thinking...
► INPUT : {'type': 'THOUGHT', 'content': 'Hypothesis for \'{\'type\': \'THOUGHT\', \'content\': "Hypothesis for \'RESEARCH: THIS?\': It depends on context.", \'depth\': 1, \'priority\': 6.0, \'source\': \'Recursion\'}\': It depends on context.', 'depth': 2, 'priority': 6.0, 'source': 'Recursion'}
► OUTPUT: Processing
════════════════════════════════════════════════════════════
════════════════════════════════════════════════════════════
[12:58:20] Reasoning::DECISION
► INPUT : {'type': 'THOUGHT', 'content': 'Hypothesis for \'{\'type\': \'THOUGHT\', \'content\': "Hypothesis for \'RESEARCH: THIS?\': It depends on context.", \'depth\': 1, \'priority\': 6.0, \'source\': \'Recursion\'}\': It depends on context.', 'depth': 2, 'priority': 6.0, 'source': 'Recursion'}
► OUTPUT: {'type': 'ANSWER', 'content': 'Analysis: Proposition seems plausible. (Valid: True)', 'priority': 7.0}
════════════════════════════════════════════════════════════
════════════════════════════════════════════════════════════
[12:58:20] Reasoning::Thinking...
► INPUT : {'type': 'THOUGHT', 'content': 'Hypothesis for \'{\'type\': \'THOUGHT\', \'content\': \'Hypothesis for \\\'{\\\'type\\\': \\\'THOUGHT\\\', \\\'content\\\': "Hypothesis for \\\'RESEARCH: THIS?\\\': It depends on context.", \\\'depth\\\': 1, \\\'priority\\\': 6.0, \\\'source\\\': \\\'Recursion\\\'}\\\': It depends on context.\', \'depth\': 2, \'priority\': 6.0, \'source\': \'Recursion\'}\': It depends on context.', 'depth': 3, 'priority': 6.0, 'source': 'Recursion'}
► OUTPUT: Processing
════════════════════════════════════════════════════════════
════════════════════════════════════════════════════════════
[12:58:20] Reasoning::DECISION
► INPUT : {'type': 'THOUGHT', 'content': 'Hypothesis for \'{\'type\': \'THOUGHT\', \'content\': \'Hypothesis for \\\'{\\\'type\\\': \\\'THOUGHT\\\', \\\'content\\\': "Hypothesis for \\\'RESEARCH: THIS?\\\': It depends on context.", \\\'depth\\\': 1, \\\'priority\\\': 6.0, \\\'source\\\': \\\'Recursion\\\'}\\\': It depends on context.\', \'depth\': 2, \'priority\': 6.0, \'source\': \'Recursion\'}\': It depends on context.', 'depth': 3, 'priority': 6.0, 'source': 'Recursion'}
► OUTPUT: {'type': 'ANSWER', 'content': 'Analysis: Proposition seems plausible. (Valid: True)', 'priority': 7.0}
════════════════════════════════════════════════════════════
════════════════════════════════════════════════════════════
[12:58:21] Reasoning::Thinking...
► INPUT : {'type': 'THOUGHT', 'content': 'Hypothesis for \'{\'type\': \'THOUGHT\', \'content\': \'Hypothesis for \\\'{\\\'type\\\': \\\'THOUGHT\\\', \\\'content\\\': \\\'Hypothesis for \\\\\\\'{\\\\\\\'type\\\\\\\': \\\\\\\'THOUGHT\\\\\\\', \\\\\\\'content\\\\\\\': "Hypothesis for \\\\\\\'RESEARCH: THIS?\\\\\\\': It depends on context.", \\\\\\\'depth\\\\\\\': 1, \\\\\\\'priority\\\\\\\': 6.0, \\\\\\\'source\\\\\\\': \\\\\\\'Recursion\\\\\\\'}\\\\\\\': It depends on context.\\\', \\\'depth\\\': 2, \\\'priority\\\': 6.0, \\\'source\\\': \\\'Recursion\\\'}\\\': It depends on context.\', \'depth\': 3, \'priority\': 6.0, \'source\': \'Recursion\'}\': It depends on context.', 'depth': 4, 'priority': 6.0, 'source': 'Recursion'}
► OUTPUT: Processing
════════════════════════════════════════════════════════════
════════════════════════════════════════════════════════════
[12:58:21] Reasoning::DECISION
► INPUT : {'type': 'THOUGHT', 'content': 'Hypothesis for \'{\'type\': \'THOUGHT\', \'content\': \'Hypothesis for \\\'{\\\'type\\\': \\\'THOUGHT\\\', \\\'content\\\': \\\'Hypothesis for \\\\\\\'{\\\\\\\'type\\\\\\\': \\\\\\\'THOUGHT\\\\\\\', \\\\\\\'content\\\\\\\': "Hypothesis for \\\\\\\'RESEARCH: THIS?\\\\\\\': It depends on context.", \\\\\\\'depth\\\\\\\': 1, \\\\\\\'priority\\\\\\\': 6.0, \\\\\\\'source\\\\\\\': \\\\\\\'Recursion\\\\\\\'}\\\\\\\': It depends on context.\\\', \\\'depth\\\': 2, \\\'priority\\\': 6.0, \\\'source\\\': \\\'Recursion\\\'}\\\': It depends on context.\', \'depth\': 3, \'priority\': 6.0, \'source\': \'Recursion\'}\': It depends on context.', 'depth': 4, 'priority': 6.0, 'source': 'Recursion'}
► OUTPUT: {'type': 'ANSWER', 'content': 'Analysis: Proposition seems plausible. (Valid: True)', 'priority': 7.0}
════════════════════════════════════════════════════════════
════════════════════════════════════════════════════════════
[12:58:21] Reasoning::Thinking...
► INPUT : {'type': 'THOUGHT', 'content': 'Hypothesis for \'{\'type\': \'THOUGHT\', \'content\': \'Hypothesis for \\\'{\\\'type\\\': \\\'THOUGHT\\\', \\\'content\\\': \\\'Hypothesis for \\\\\\\'{\\\\\\\'type\\\\\\\': \\\\\\\'THOUGHT\\\\\\\', \\\\\\\'content\\\\\\\': \\\\\\\'Hypothesis for \\\\\\\\\\\\\\\'{\\\\\\\\\\\\\\\'type\\\\\\\\\\\\\\\': \\\\\\\\\\\\\\\'THOUGHT\\\\\\\\\\\\\\\', \\\\\\\\\\\\\\\'content\\\\\\\\\\\\\\\': "Hypothesis for \\\\\\\\\\\\\\\'RESEARCH: THIS?\\\\\\\\\\\\\\\': It depends on context.", \\\\\\\\\\\\\\\'depth\\\\\\\\\\\\\\\': 1, \\\\\\\\\\\\\\\'priority\\\\\\\\\\\\\\\': 6.0, \\\\\\\\\\\\\\\'source\\\\\\\\\\\\\\\': \\\\\\\\\\\\\\\'Recursion\\\\\\\\\\\\\\\'}\\\\\\\\\\\\\\\': It depends on context.\\\\\\\', \\\\\\\'depth\\\\\\\': 2, \\\\\\\'priority\\\\\\\': 6.0, \\\\\\\'source\\\\\\\': \\\\\\\'Recursion\\\\\\\'}\\\\\\\': It depends on context.\\\', \\\'depth\\\': 3, \\\'priority\\\': 6.0, \\\'source\\\': \\\'Recursion\\\'}\\\': It depends on context.\', \'depth\': 4, \'priority\': 6.0, \'source\': \'Recursion\'}\': It depends on context.', 'depth': 5, 'priority': 6.0, 'source': 'Recursion'}
► OUTPUT: Processing
════════════════════════════════════════════════════════════
════════════════════════════════════════════════════════════
[12:58:21] Reasoning::DECISION
► INPUT : {'type': 'THOUGHT', 'content': 'Hypothesis for \'{\'type\': \'THOUGHT\', \'content\': \'Hypothesis for \\\'{\\\'type\\\': \\\'THOUGHT\\\', \\\'content\\\': \\\'Hypothesis for \\\\\\\'{\\\\\\\'type\\\\\\\': \\\\\\\'THOUGHT\\\\\\\', \\\\\\\'content\\\\\\\': \\\\\\\'Hypothesis for \\\\\\\\\\\\\\\'{\\\\\\\\\\\\\\\'type\\\\\\\\\\\\\\\': \\\\\\\\\\\\\\\'THOUGHT\\\\\\\\\\\\\\\', \\\\\\\\\\\\\\\'content\\\\\\\\\\\\\\\': "Hypothesis for \\\\\\\\\\\\\\\'RESEARCH: THIS?\\\\\\\\\\\\\\\': It depends on context.", \\\\\\\\\\\\\\\'depth\\\\\\\\\\\\\\\': 1, \\\\\\\\\\\\\\\'priority\\\\\\\\\\\\\\\': 6.0, \\\\\\\\\\\\\\\'source\\\\\\\\\\\\\\\': \\\\\\\\\\\\\\\'Recursion\\\\\\\\\\\\\\\'}\\\\\\\\\\\\\\\': It depends on context.\\\\\\\', \\\\\\\'depth\\\\\\\': 2, \\\\\\\'priority\\\\\\\': 6.0, \\\\\\\'source\\\\\\\': \\\\\\\'Recursion\\\\\\\'}\\\\\\\': It depends on context.\\\', \\\'depth\\\': 3, \\\'priority\\\': 6.0, \\\'source\\\': \\\'Recursion\\\'}\\\': It depends on context.\', \'depth\': 4, \'priority\': 6.0, \'source\': \'Recursion\'}\': It depends on context.', 'depth': 5, 'priority': 6.0, 'source': 'Recursion'}
► OUTPUT: {'type': 'ANSWER', 'content': 'Analysis: Proposition seems plausible. (Valid: True)', 'priority': 7.0}
════════════════════════════════════════════════════════════
════════════════════════════════════════════════════════════
[13:00:29] Reasoning::Thinking...
► INPUT : EXPLORE: SAW—LIGHTNING?
► OUTPUT: Processing
════════════════════════════════════════════════════════════
════════════════════════════════════════════════════════════
[13:00:29] Reasoning::DECISION
► INPUT : EXPLORE: SAW—LIGHTNING?
► OUTPUT: {'type': 'ANSWER', 'content': 'Analysis: Proposition seems plausible. (Valid: True)', 'priority': 7.0}
════════════════════════════════════════════════════════════
════════════════════════════════════════════════════════════
[13:00:29] Reasoning::Thinking...
► INPUT : {'type': 'THOUGHT', 'content': "Hypothesis for 'EXPLORE: SAW—LIGHTNING?': It depends on context.", 'depth': 1, 'priority': 6.0, 'source': 'Recursion'}
► OUTPUT: Processing
════════════════════════════════════════════════════════════
════════════════════════════════════════════════════════════
[13:00:29] Reasoning::DECISION
► INPUT : {'type': 'THOUGHT', 'content': "Hypothesis for 'EXPLORE: SAW—LIGHTNING?': It depends on context.", 'depth': 1, 'priority': 6.0, 'source': 'Recursion'}
► OUTPUT: {'type': 'ANSWER', 'content': 'Analysis: Proposition seems plausible. (Valid: True)', 'priority': 7.0}
════════════════════════════════════════════════════════════
════════════════════════════════════════════════════════════
[13:00:29] Reasoning::Thinking...
► INPUT : {'type': 'THOUGHT', 'content': 'Hypothesis for \'{\'type\': \'THOUGHT\', \'content\': "Hypothesis for \'EXPLORE: SAW—LIGHTNING?\': It depends on context.", \'depth\': 1, \'priority\': 6.0, \'source\': \'Recursion\'}\': It depends on context.', 'depth': 2, 'priority': 6.0, 'source': 'Recursion'}
► OUTPUT: Processing
════════════════════════════════════════════════════════════
════════════════════════════════════════════════════════════
[13:00:29] Reasoning::DECISION
► INPUT : {'type': 'THOUGHT', 'content': 'Hypothesis for \'{\'type\': \'THOUGHT\', \'content\': "Hypothesis for \'EXPLORE: SAW—LIGHTNING?\': It depends on context.", \'depth\': 1, \'priority\': 6.0, \'source\': \'Recursion\'}\': It depends on context.', 'depth': 2, 'priority': 6.0, 'source': 'Recursion'}
► OUTPUT: {'type': 'ANSWER', 'content': 'Analysis: Proposition seems plausible. (Valid: True)', 'priority': 7.0}
════════════════════════════════════════════════════════════
════════════════════════════════════════════════════════════
[13:00:30] Reasoning::Thinking...
► INPUT : {'type': 'THOUGHT', 'content': 'Hypothesis for \'{\'type\': \'THOUGHT\', \'content\': \'Hypothesis for \\\'{\\\'type\\\': \\\'THOUGHT\\\', \\\'content\\\': "Hypothesis for \\\'EXPLORE: SAW—LIGHTNING?\\\': It depends on context.", \\\'depth\\\': 1, \\\'priority\\\': 6.0, \\\'source\\\': \\\'Recursion\\\'}\\\': It depends on context.\', \'depth\': 2, \'priority\': 6.0, \'source\': \'Recursion\'}\': It depends on context.', 'depth': 3, 'priority': 6.0, 'source': 'Recursion'}
► OUTPUT: Processing
════════════════════════════════════════════════════════════
════════════════════════════════════════════════════════════
[13:00:30] Reasoning::DECISION
► INPUT : {'type': 'THOUGHT', 'content': 'Hypothesis for \'{\'type\': \'THOUGHT\', \'content\': \'Hypothesis for \\\'{\\\'type\\\': \\\'THOUGHT\\\', \\\'content\\\': "Hypothesis for \\\'EXPLORE: SAW—LIGHTNING?\\\': It depends on context.", \\\'depth\\\': 1, \\\'priority\\\': 6.0, \\\'source\\\': \\\'Recursion\\\'}\\\': It depends on context.\', \'depth\': 2, \'priority\': 6.0, \'source\': \'Recursion\'}\': It depends on context.', 'depth': 3, 'priority': 6.0, 'source': 'Recursion'}
► OUTPUT: {'type': 'ANSWER', 'content': 'Analysis: Proposition seems plausible. (Valid: True)', 'priority': 7.0}
════════════════════════════════════════════════════════════
════════════════════════════════════════════════════════════
[13:00:30] Reasoning::Thinking...
► INPUT : {'type': 'THOUGHT', 'content': 'Hypothesis for \'{\'type\': \'THOUGHT\', \'content\': \'Hypothesis for \\\'{\\\'type\\\': \\\'THOUGHT\\\', \\\'content\\\': \\\'Hypothesis for \\\\\\\'{\\\\\\\'type\\\\\\\': \\\\\\\'THOUGHT\\\\\\\', \\\\\\\'content\\\\\\\': "Hypothesis for \\\\\\\'EXPLORE: SAW—LIGHTNING?\\\\\\\': It depends on context.", \\\\\\\'depth\\\\\\\': 1, \\\\\\\'priority\\\\\\\': 6.0, \\\\\\\'source\\\\\\\': \\\\\\\'Recursion\\\\\\\'}\\\\\\\': It depends on context.\\\', \\\'depth\\\': 2, \\\'priority\\\': 6.0, \\\'source\\\': \\\'Recursion\\\'}\\\': It depends on context.\', \'depth\': 3, \'priority\': 6.0, \'source\': \'Recursion\'}\': It depends on context.', 'depth': 4, 'priority': 6.0, 'source': 'Recursion'}
► OUTPUT: Processing
════════════════════════════════════════════════════════════
════════════════════════════════════════════════════════════
[13:00:30] Reasoning::DECISION
► INPUT : {'type': 'THOUGHT', 'content': 'Hypothesis for \'{\'type\': \'THOUGHT\', \'content\': \'Hypothesis for \\\'{\\\'type\\\': \\\'THOUGHT\\\', \\\'content\\\': \\\'Hypothesis for \\\\\\\'{\\\\\\\'type\\\\\\\': \\\\\\\'THOUGHT\\\\\\\', \\\\\\\'content\\\\\\\': "Hypothesis for \\\\\\\'EXPLORE: SAW—LIGHTNING?\\\\\\\': It depends on context.", \\\\\\\'depth\\\\\\\': 1, \\\\\\\'priority\\\\\\\': 6.0, \\\\\\\'source\\\\\\\': \\\\\\\'Recursion\\\\\\\'}\\\\\\\': It depends on context.\\\', \\\'depth\\\': 2, \\\'priority\\\': 6.0, \\\'source\\\': \\\'Recursion\\\'}\\\': It depends on context.\', \'depth\': 3, \'priority\': 6.0, \'source\': \'Recursion\'}\': It depends on context.', 'depth': 4, 'priority': 6.0, 'source': 'Recursion'}
► OUTPUT: {'type': 'ANSWER', 'content': 'Analysis: Proposition seems plausible. (Valid: True)', 'priority': 7.0}
════════════════════════════════════════════════════════════
════════════════════════════════════════════════════════════
[13:00:31] Reasoning::Thinking...
► INPUT : {'type': 'THOUGHT', 'content': 'Hypothesis for \'{\'type\': \'THOUGHT\', \'content\': \'Hypothesis for \\\'{\\\'type\\\': \\\'THOUGHT\\\', \\\'content\\\': \\\'Hypothesis for \\\\\\\'{\\\\\\\'type\\\\\\\': \\\\\\\'THOUGHT\\\\\\\', \\\\\\\'content\\\\\\\': \\\\\\\'Hypothesis for \\\\\\\\\\\\\\\'{\\\\\\\\\\\\\\\'type\\\\\\\\\\\\\\\': \\\\\\\\\\\\\\\'THOUGHT\\\\\\\\\\\\\\\', \\\\\\\\\\\\\\\'content\\\\\\\\\\\\\\\': "Hypothesis for \\\\\\\\\\\\\\\'EXPLORE: SAW—LIGHTNING?\\\\\\\\\\\\\\\': It depends on context.", \\\\\\\\\\\\\\\'depth\\\\\\\\\\\\\\\': 1, \\\\\\\\\\\\\\\'priority\\\\\\\\\\\\\\\': 6.0, \\\\\\\\\\\\\\\'source\\\\\\\\\\\\\\\': \\\\\\\\\\\\\\\'Recursion\\\\\\\\\\\\\\\'}\\\\\\\\\\\\\\\': It depends on context.\\\\\\\', \\\\\\\'depth\\\\\\\': 2, \\\\\\\'priority\\\\\\\': 6.0, \\\\\\\'source\\\\\\\': \\\\\\\'Recursion\\\\\\\'}\\\\\\\': It depends on context.\\\', \\\'depth\\\': 3, \\\'priority\\\': 6.0, \\\'source\\\': \\\'Recursion\\\'}\\\': It depends on context.\', \'depth\': 4, \'priority\': 6.0, \'source\': \'Recursion\'}\': It depends on context.', 'depth': 5, 'priority': 6.0, 'source': 'Recursion'}
► OUTPUT: Processing
════════════════════════════════════════════════════════════
════════════════════════════════════════════════════════════
[13:00:31] Reasoning::DECISION
► INPUT : {'type': 'THOUGHT', 'content': 'Hypothesis for \'{\'type\': \'THOUGHT\', \'content\': \'Hypothesis for \\\'{\\\'type\\\': \\\'THOUGHT\\\', \\\'content\\\': \\\'Hypothesis for \\\\\\\'{\\\\\\\'type\\\\\\\': \\\\\\\'THOUGHT\\\\\\\', \\\\\\\'content\\\\\\\': \\\\\\\'Hypothesis for \\\\\\\\\\\\\\\'{\\\\\\\\\\\\\\\'type\\\\\\\\\\\\\\\': \\\\\\\\\\\\\\\'THOUGHT\\\\\\\\\\\\\\\', \\\\\\\\\\\\\\\'content\\\\\\\\\\\\\\\': "Hypothesis for \\\\\\\\\\\\\\\'EXPLORE: SAW—LIGHTNING?\\\\\\\\\\\\\\\': It depends on context.", \\\\\\\\\\\\\\\'depth\\\\\\\\\\\\\\\': 1, \\\\\\\\\\\\\\\'priority\\\\\\\\\\\\\\\': 6.0, \\\\\\\\\\\\\\\'source\\\\\\\\\\\\\\\': \\\\\\\\\\\\\\\'Recursion\\\\\\\\\\\\\\\'}\\\\\\\\\\\\\\\': It depends on context.\\\\\\\', \\\\\\\'depth\\\\\\\': 2, \\\\\\\'priority\\\\\\\': 6.0, \\\\\\\'source\\\\\\\': \\\\\\\'Recursion\\\\\\\'}\\\\\\\': It depends on context.\\\', \\\'depth\\\': 3, \\\'priority\\\': 6.0, \\\'source\\\': \\\'Recursion\\\'}\\\': It depends on context.\', \'depth\': 4, \'priority\': 6.0, \'source\': \'Recursion\'}\': It depends on context.', 'depth': 5, 'priority': 6.0, 'source': 'Recursion'}
► OUTPUT: {'type': 'ANSWER', 'content': 'Analysis: Proposition seems plausible. (Valid: True)', 'priority': 7.0}
════════════════════════════════════════════════════════════
════════════════════════════════════════════════════════════
[17:07:48] Reasoning::Thinking...
► INPUT : RESEARCH: DICK?”
► OUTPUT: Processing
════════════════════════════════════════════════════════════
════════════════════════════════════════════════════════════
[17:07:48] Reasoning::DECISION
► INPUT : RESEARCH: DICK?”
► OUTPUT: {'type': 'ANSWER', 'content': 'Analysis: Proposition seems plausible. (Valid: True)', 'priority': 7.0}
════════════════════════════════════════════════════════════
════════════════════════════════════════════════════════════
[17:07:48] Reasoning::Thinking...
► INPUT : {'type': 'THOUGHT', 'content': "Hypothesis for 'RESEARCH: DICK?”': It depends on context.", 'depth': 1, 'priority': 6.0, 'source': 'Recursion'}
► OUTPUT: Processing
════════════════════════════════════════════════════════════
════════════════════════════════════════════════════════════
[17:07:48] Reasoning::DECISION
► INPUT : {'type': 'THOUGHT', 'content': "Hypothesis for 'RESEARCH: DICK?”': It depends on context.", 'depth': 1, 'priority': 6.0, 'source': 'Recursion'}
► OUTPUT: {'type': 'ANSWER', 'content': 'Analysis: Proposition seems plausible. (Valid: True)', 'priority': 7.0}
════════════════════════════════════════════════════════════
════════════════════════════════════════════════════════════
[17:07:49] Reasoning::Thinking...
► INPUT : {'type': 'THOUGHT', 'content': 'Hypothesis for \'{\'type\': \'THOUGHT\', \'content\': "Hypothesis for \'RESEARCH: DICK?”\': It depends on context.", \'depth\': 1, \'priority\': 6.0, \'source\': \'Recursion\'}\': It depends on context.', 'depth': 2, 'priority': 6.0, 'source': 'Recursion'}
► OUTPUT: Processing
════════════════════════════════════════════════════════════
════════════════════════════════════════════════════════════
[17:07:49] Reasoning::DECISION
► INPUT : {'type': 'THOUGHT', 'content': 'Hypothesis for \'{\'type\': \'THOUGHT\', \'content\': "Hypothesis for \'RESEARCH: DICK?”\': It depends on context.", \'depth\': 1, \'priority\': 6.0, \'source\': \'Recursion\'}\': It depends on context.', 'depth': 2, 'priority': 6.0, 'source': 'Recursion'}
► OUTPUT: {'type': 'ANSWER', 'content': 'Analysis: Proposition seems plausible. (Valid: True)', 'priority': 7.0}
════════════════════════════════════════════════════════════
════════════════════════════════════════════════════════════
[17:07:49] Reasoning::Thinking...
► INPUT : {'type': 'THOUGHT', 'content': 'Hypothesis for \'{\'type\': \'THOUGHT\', \'content\': \'Hypothesis for \\\'{\\\'type\\\': \\\'THOUGHT\\\', \\\'content\\\': "Hypothesis for \\\'RESEARCH: DICK?”\\\': It depends on context.", \\\'depth\\\': 1, \\\'priority\\\': 6.0, \\\'source\\\': \\\'Recursion\\\'}\\\': It depends on context.\', \'depth\': 2, \'priority\': 6.0, \'source\': \'Recursion\'}\': It depends on context.', 'depth': 3, 'priority': 6.0, 'source': 'Recursion'}
► OUTPUT: Processing
════════════════════════════════════════════════════════════
════════════════════════════════════════════════════════════
[17:07:49] Reasoning::DECISION
► INPUT : {'type': 'THOUGHT', 'content': 'Hypothesis for \'{\'type\': \'THOUGHT\', \'content\': \'Hypothesis for \\\'{\\\'type\\\': \\\'THOUGHT\\\', \\\'content\\\': "Hypothesis for \\\'RESEARCH: DICK?”\\\': It depends on context.", \\\'depth\\\': 1, \\\'priority\\\': 6.0, \\\'source\\\': \\\'Recursion\\\'}\\\': It depends on context.\', \'depth\': 2, \'priority\': 6.0, \'source\': \'Recursion\'}\': It depends on context.', 'depth': 3, 'priority': 6.0, 'source': 'Recursion'}
► OUTPUT: {'type': 'ANSWER', 'content': 'Analysis: Proposition seems plausible. (Valid: True)', 'priority': 7.0}
════════════════════════════════════════════════════════════
════════════════════════════════════════════════════════════
[17:07:49] Reasoning::Thinking...
► INPUT : {'type': 'THOUGHT', 'content': 'Hypothesis for \'{\'type\': \'THOUGHT\', \'content\': \'Hypothesis for \\\'{\\\'type\\\': \\\'THOUGHT\\\', \\\'content\\\': \\\'Hypothesis for \\\\\\\'{\\\\\\\'type\\\\\\\': \\\\\\\'THOUGHT\\\\\\\', \\\\\\\'content\\\\\\\': "Hypothesis for \\\\\\\'RESEARCH: DICK?”\\\\\\\': It depends on context.", \\\\\\\'depth\\\\\\\': 1, \\\\\\\'priority\\\\\\\': 6.0, \\\\\\\'source\\\\\\\': \\\\\\\'Recursion\\\\\\\'}\\\\\\\': It depends on context.\\\', \\\'depth\\\': 2, \\\'priority\\\': 6.0, \\\'source\\\': \\\'Recursion\\\'}\\\': It depends on context.\', \'depth\': 3, \'priority\': 6.0, \'source\': \'Recursion\'}\': It depends on context.', 'depth': 4, 'priority': 6.0, 'source': 'Recursion'}
► OUTPUT: Processing
════════════════════════════════════════════════════════════
════════════════════════════════════════════════════════════
[17:07:49] Reasoning::DECISION
► INPUT : {'type': 'THOUGHT', 'content': 'Hypothesis for \'{\'type\': \'THOUGHT\', \'content\': \'Hypothesis for \\\'{\\\'type\\\': \\\'THOUGHT\\\', \\\'content\\\': \\\'Hypothesis for \\\\\\\'{\\\\\\\'type\\\\\\\': \\\\\\\'THOUGHT\\\\\\\', \\\\\\\'content\\\\\\\': "Hypothesis for \\\\\\\'RESEARCH: DICK?”\\\\\\\': It depends on context.", \\\\\\\'depth\\\\\\\': 1, \\\\\\\'priority\\\\\\\': 6.0, \\\\\\\'source\\\\\\\': \\\\\\\'Recursion\\\\\\\'}\\\\\\\': It depends on context.\\\', \\\'depth\\\': 2, \\\'priority\\\': 6.0, \\\'source\\\': \\\'Recursion\\\'}\\\': It depends on context.\', \'depth\': 3, \'priority\': 6.0, \'source\': \'Recursion\'}\': It depends on context.', 'depth': 4, 'priority': 6.0, 'source': 'Recursion'}
► OUTPUT: {'type': 'ANSWER', 'content': 'Analysis: Proposition seems plausible. (Valid: True)', 'priority': 7.0}
════════════════════════════════════════════════════════════
════════════════════════════════════════════════════════════
[17:07:50] Reasoning::Thinking...
► INPUT : {'type': 'THOUGHT', 'content': 'Hypothesis for \'{\'type\': \'THOUGHT\', \'content\': \'Hypothesis for \\\'{\\\'type\\\': \\\'THOUGHT\\\', \\\'content\\\': \\\'Hypothesis for \\\\\\\'{\\\\\\\'type\\\\\\\': \\\\\\\'THOUGHT\\\\\\\', \\\\\\\'content\\\\\\\': \\\\\\\'Hypothesis for \\\\\\\\\\\\\\\'{\\\\\\\\\\\\\\\'type\\\\\\\\\\\\\\\': \\\\\\\\\\\\\\\'THOUGHT\\\\\\\\\\\\\\\', \\\\\\\\\\\\\\\'content\\\\\\\\\\\\\\\': "Hypothesis for \\\\\\\\\\\\\\\'RESEARCH: DICK?”\\\\\\\\\\\\\\\': It depends on context.", \\\\\\\\\\\\\\\'depth\\\\\\\\\\\\\\\': 1, \\\\\\\\\\\\\\\'priority\\\\\\\\\\\\\\\': 6.0, \\\\\\\\\\\\\\\'source\\\\\\\\\\\\\\\': \\\\\\\\\\\\\\\'Recursion\\\\\\\\\\\\\\\'}\\\\\\\\\\\\\\\': It depends on context.\\\\\\\', \\\\\\\'depth\\\\\\\': 2, \\\\\\\'priority\\\\\\\': 6.0, \\\\\\\'source\\\\\\\': \\\\\\\'Recursion\\\\\\\'}\\\\\\\': It depends on context.\\\', \\\'depth\\\': 3, \\\'priority\\\': 6.0, \\\'source\\\': \\\'Recursion\\\'}\\\': It depends on context.\', \'depth\': 4, \'priority\': 6.0, \'source\': \'Recursion\'}\': It depends on context.', 'depth': 5, 'priority': 6.0, 'source': 'Recursion'}
► OUTPUT: Processing
════════════════════════════════════════════════════════════
════════════════════════════════════════════════════════════
[17:07:50] Reasoning::DECISION
► INPUT : {'type': 'THOUGHT', 'content': 'Hypothesis for \'{\'type\': \'THOUGHT\', \'content\': \'Hypothesis for \\\'{\\\'type\\\': \\\'THOUGHT\\\', \\\'content\\\': \\\'Hypothesis for \\\\\\\'{\\\\\\\'type\\\\\\\': \\\\\\\'THOUGHT\\\\\\\', \\\\\\\'content\\\\\\\': \\\\\\\'Hypothesis for \\\\\\\\\\\\\\\'{\\\\\\\\\\\\\\\'type\\\\\\\\\\\\\\\': \\\\\\\\\\\\\\\'THOUGHT\\\\\\\\\\\\\\\', \\\\\\\\\\\\\\\'content\\\\\\\\\\\\\\\': "Hypothesis for \\\\\\\\\\\\\\\'RESEARCH: DICK?”\\\\\\\\\\\\\\\': It depends on context.", \\\\\\\\\\\\\\\'depth\\\\\\\\\\\\\\\': 1, \\\\\\\\\\\\\\\'priority\\\\\\\\\\\\\\\': 6.0, \\\\\\\\\\\\\\\'source\\\\\\\\\\\\\\\': \\\\\\\\\\\\\\\'Recursion\\\\\\\\\\\\\\\'}\\\\\\\\\\\\\\\': It depends on context.\\\\\\\', \\\\\\\'depth\\\\\\\': 2, \\\\\\\'priority\\\\\\\': 6.0, \\\\\\\'source\\\\\\\': \\\\\\\'Recursion\\\\\\\'}\\\\\\\': It depends on context.\\\', \\\'depth\\\': 3, \\\'priority\\\': 6.0, \\\'source\\\': \\\'Recursion\\\'}\\\': It depends on context.\', \'depth\': 4, \'priority\': 6.0, \'source\': \'Recursion\'}\': It depends on context.', 'depth': 5, 'priority': 6.0, 'source': 'Recursion'}
► OUTPUT: {'type': 'ANSWER', 'content': 'Analysis: Proposition seems plausible. (Valid: True)', 'priority': 7.0}
════════════════════════════════════════════════════════════
════════════════════════════════════════════════════════════
[17:17:33] Reasoning::Thinking...
► INPUT : RESEARCH: DOG?
► OUTPUT: Processing
════════════════════════════════════════════════════════════
════════════════════════════════════════════════════════════
[17:17:33] Reasoning::DECISION
► INPUT : RESEARCH: DOG?
► OUTPUT: {'type': 'ANSWER', 'content': 'Analysis: Proposition seems plausible. (Valid: True)', 'priority': 7.0}
════════════════════════════════════════════════════════════
════════════════════════════════════════════════════════════
[17:17:33] Reasoning::Thinking...
► INPUT : {'type': 'THOUGHT', 'content': "Hypothesis for 'RESEARCH: DOG?': It depends on context.", 'depth': 1, 'priority': 6.0, 'source': 'Recursion'}
► OUTPUT: Processing
════════════════════════════════════════════════════════════
════════════════════════════════════════════════════════════
[17:17:33] Reasoning::DECISION
► INPUT : {'type': 'THOUGHT', 'content': "Hypothesis for 'RESEARCH: DOG?': It depends on context.", 'depth': 1, 'priority': 6.0, 'source': 'Recursion'}
► OUTPUT: {'type': 'ANSWER', 'content': 'Analysis: Proposition seems plausible. (Valid: True)', 'priority': 7.0}
════════════════════════════════════════════════════════════
════════════════════════════════════════════════════════════
[17:17:34] Reasoning::Thinking...
► INPUT : {'type': 'THOUGHT', 'content': 'Hypothesis for \'{\'type\': \'THOUGHT\', \'content\': "Hypothesis for \'RESEARCH: DOG?\': It depends on context.", \'depth\': 1, \'priority\': 6.0, \'source\': \'Recursion\'}\': It depends on context.', 'depth': 2, 'priority': 6.0, 'source': 'Recursion'}
► OUTPUT: Processing
════════════════════════════════════════════════════════════
════════════════════════════════════════════════════════════
[17:17:34] Reasoning::DECISION
► INPUT : {'type': 'THOUGHT', 'content': 'Hypothesis for \'{\'type\': \'THOUGHT\', \'content\': "Hypothesis for \'RESEARCH: DOG?\': It depends on context.", \'depth\': 1, \'priority\': 6.0, \'source\': \'Recursion\'}\': It depends on context.', 'depth': 2, 'priority': 6.0, 'source': 'Recursion'}
► OUTPUT: {'type': 'ANSWER', 'content': 'Analysis: Proposition seems plausible. (Valid: True)', 'priority': 7.0}
════════════════════════════════════════════════════════════
════════════════════════════════════════════════════════════
[17:17:34] Reasoning::Thinking...
► INPUT : {'type': 'THOUGHT', 'content': 'Hypothesis for \'{\'type\': \'THOUGHT\', \'content\': \'Hypothesis for \\\'{\\\'type\\\': \\\'THOUGHT\\\', \\\'content\\\': "Hypothesis for \\\'RESEARCH: DOG?\\\': It depends on context.", \\\'depth\\\': 1, \\\'priority\\\': 6.0, \\\'source\\\': \\\'Recursion\\\'}\\\': It depends on context.\', \'depth\': 2, \'priority\': 6.0, \'source\': \'Recursion\'}\': It depends on context.', 'depth': 3, 'priority': 6.0, 'source': 'Recursion'}
► OUTPUT: Processing
════════════════════════════════════════════════════════════
════════════════════════════════════════════════════════════
[17:17:34] Reasoning::DECISION
► INPUT : {'type': 'THOUGHT', 'content': 'Hypothesis for \'{\'type\': \'THOUGHT\', \'content\': \'Hypothesis for \\\'{\\\'type\\\': \\\'THOUGHT\\\', \\\'content\\\': "Hypothesis for \\\'RESEARCH: DOG?\\\': It depends on context.", \\\'depth\\\': 1, \\\'priority\\\': 6.0, \\\'source\\\': \\\'Recursion\\\'}\\\': It depends on context.\', \'depth\': 2, \'priority\': 6.0, \'source\': \'Recursion\'}\': It depends on context.', 'depth': 3, 'priority': 6.0, 'source': 'Recursion'}
► OUTPUT: {'type': 'ANSWER', 'content': 'Analysis: Proposition seems plausible. (Valid: True)', 'priority': 7.0}
════════════════════════════════════════════════════════════
════════════════════════════════════════════════════════════
[17:17:34] Reasoning::Thinking...
► INPUT : {'type': 'THOUGHT', 'content': 'Hypothesis for \'{\'type\': \'THOUGHT\', \'content\': \'Hypothesis for \\\'{\\\'type\\\': \\\'THOUGHT\\\', \\\'content\\\': \\\'Hypothesis for \\\\\\\'{\\\\\\\'type\\\\\\\': \\\\\\\'THOUGHT\\\\\\\', \\\\\\\'content\\\\\\\': "Hypothesis for \\\\\\\'RESEARCH: DOG?\\\\\\\': It depends on context.", \\\\\\\'depth\\\\\\\': 1, \\\\\\\'priority\\\\\\\': 6.0, \\\\\\\'source\\\\\\\': \\\\\\\'Recursion\\\\\\\'}\\\\\\\': It depends on context.\\\', \\\'depth\\\': 2, \\\'priority\\\': 6.0, \\\'source\\\': \\\'Recursion\\\'}\\\': It depends on context.\', \'depth\': 3, \'priority\': 6.0, \'source\': \'Recursion\'}\': It depends on context.', 'depth': 4, 'priority': 6.0, 'source': 'Recursion'}
► OUTPUT: Processing
════════════════════════════════════════════════════════════
════════════════════════════════════════════════════════════
[17:17:34] Reasoning::DECISION
► INPUT : {'type': 'THOUGHT', 'content': 'Hypothesis for \'{\'type\': \'THOUGHT\', \'content\': \'Hypothesis for \\\'{\\\'type\\\': \\\'THOUGHT\\\', \\\'content\\\': \\\'Hypothesis for \\\\\\\'{\\\\\\\'type\\\\\\\': \\\\\\\'THOUGHT\\\\\\\', \\\\\\\'content\\\\\\\': "Hypothesis for \\\\\\\'RESEARCH: DOG?\\\\\\\': It depends on context.", \\\\\\\'depth\\\\\\\': 1, \\\\\\\'priority\\\\\\\': 6.0, \\\\\\\'source\\\\\\\': \\\\\\\'Recursion\\\\\\\'}\\\\\\\': It depends on context.\\\', \\\'depth\\\': 2, \\\'priority\\\': 6.0, \\\'source\\\': \\\'Recursion\\\'}\\\': It depends on context.\', \'depth\': 3, \'priority\': 6.0, \'source\': \'Recursion\'}\': It depends on context.', 'depth': 4, 'priority': 6.0, 'source': 'Recursion'}
► OUTPUT: {'type': 'ANSWER', 'content': 'Analysis: Proposition seems plausible. (Valid: True)', 'priority': 7.0}
════════════════════════════════════════════════════════════
════════════════════════════════════════════════════════════
[17:17:35] Reasoning::Thinking...
► INPUT : {'type': 'THOUGHT', 'content': 'Hypothesis for \'{\'type\': \'THOUGHT\', \'content\': \'Hypothesis for \\\'{\\\'type\\\': \\\'THOUGHT\\\', \\\'content\\\': \\\'Hypothesis for \\\\\\\'{\\\\\\\'type\\\\\\\': \\\\\\\'THOUGHT\\\\\\\', \\\\\\\'content\\\\\\\': \\\\\\\'Hypothesis for \\\\\\\\\\\\\\\'{\\\\\\\\\\\\\\\'type\\\\\\\\\\\\\\\': \\\\\\\\\\\\\\\'THOUGHT\\\\\\\\\\\\\\\', \\\\\\\\\\\\\\\'content\\\\\\\\\\\\\\\': "Hypothesis for \\\\\\\\\\\\\\\'RESEARCH: DOG?\\\\\\\\\\\\\\\': It depends on context.", \\\\\\\\\\\\\\\'depth\\\\\\\\\\\\\\\': 1, \\\\\\\\\\\\\\\'priority\\\\\\\\\\\\\\\': 6.0, \\\\\\\\\\\\\\\'source\\\\\\\\\\\\\\\': \\\\\\\\\\\\\\\'Recursion\\\\\\\\\\\\\\\'}\\\\\\\\\\\\\\\': It depends on context.\\\\\\\', \\\\\\\'depth\\\\\\\': 2, \\\\\\\'priority\\\\\\\': 6.0, \\\\\\\'source\\\\\\\': \\\\\\\'Recursion\\\\\\\'}\\\\\\\': It depends on context.\\\', \\\'depth\\\': 3, \\\'priority\\\': 6.0, \\\'source\\\': \\\'Recursion\\\'}\\\': It depends on context.\', \'depth\': 4, \'priority\': 6.0, \'source\': \'Recursion\'}\': It depends on context.', 'depth': 5, 'priority': 6.0, 'source': 'Recursion'}
► OUTPUT: Processing
════════════════════════════════════════════════════════════
════════════════════════════════════════════════════════════
[17:17:35] Reasoning::DECISION
► INPUT : {'type': 'THOUGHT', 'content': 'Hypothesis for \'{\'type\': \'THOUGHT\', \'content\': \'Hypothesis for \\\'{\\\'type\\\': \\\'THOUGHT\\\', \\\'content\\\': \\\'Hypothesis for \\\\\\\'{\\\\\\\'type\\\\\\\': \\\\\\\'THOUGHT\\\\\\\', \\\\\\\'content\\\\\\\': \\\\\\\'Hypothesis for \\\\\\\\\\\\\\\'{\\\\\\\\\\\\\\\'type\\\\\\\\\\\\\\\': \\\\\\\\\\\\\\\'THOUGHT\\\\\\\\\\\\\\\', \\\\\\\\\\\\\\\'content\\\\\\\\\\\\\\\': "Hypothesis for \\\\\\\\\\\\\\\'RESEARCH: DOG?\\\\\\\\\\\\\\\': It depends on context.", \\\\\\\\\\\\\\\'depth\\\\\\\\\\\\\\\': 1, \\\\\\\\\\\\\\\'priority\\\\\\\\\\\\\\\': 6.0, \\\\\\\\\\\\\\\'source\\\\\\\\\\\\\\\': \\\\\\\\\\\\\\\'Recursion\\\\\\\\\\\\\\\'}\\\\\\\\\\\\\\\': It depends on context.\\\\\\\', \\\\\\\'depth\\\\\\\': 2, \\\\\\\'priority\\\\\\\': 6.0, \\\\\\\'source\\\\\\\': \\\\\\\'Recursion\\\\\\\'}\\\\\\\': It depends on context.\\\', \\\'depth\\\': 3, \\\'priority\\\': 6.0, \\\'source\\\': \\\'Recursion\\\'}\\\': It depends on context.\', \'depth\': 4, \'priority\': 6.0, \'source\': \'Recursion\'}\': It depends on context.', 'depth': 5, 'priority': 6.0, 'source': 'Recursion'}
► OUTPUT: {'type': 'ANSWER', 'content': 'Analysis: Proposition seems plausible. (Valid: True)', 'priority': 7.0}
════════════════════════════════════════════════════════════
════════════════════════════════════════════════════════════
[17:18:09] Reasoning::Thinking...
► INPUT : RESEARCH: TO-MORROW?”
► OUTPUT: Processing
════════════════════════════════════════════════════════════
════════════════════════════════════════════════════════════
[17:18:09] Reasoning::DECISION
► INPUT : RESEARCH: TO-MORROW?”
► OUTPUT: {'type': 'ANSWER', 'content': 'Analysis: Proposition seems plausible. (Valid: True)', 'priority': 7.0}
════════════════════════════════════════════════════════════
════════════════════════════════════════════════════════════
[17:18:09] Reasoning::Thinking...
► INPUT : {'type': 'THOUGHT', 'content': "Hypothesis for 'RESEARCH: TO-MORROW?”': It depends on context.", 'depth': 1, 'priority': 6.0, 'source': 'Recursion'}
► OUTPUT: Processing
════════════════════════════════════════════════════════════
════════════════════════════════════════════════════════════
[17:18:09] Reasoning::DECISION
► INPUT : {'type': 'THOUGHT', 'content': "Hypothesis for 'RESEARCH: TO-MORROW?”': It depends on context.", 'depth': 1, 'priority': 6.0, 'source': 'Recursion'}
► OUTPUT: {'type': 'ANSWER', 'content': 'Analysis: Proposition seems plausible. (Valid: True)', 'priority': 7.0}
════════════════════════════════════════════════════════════
════════════════════════════════════════════════════════════
[17:18:09] Reasoning::Thinking...
► INPUT : {'type': 'THOUGHT', 'content': 'Hypothesis for \'{\'type\': \'THOUGHT\', \'content\': "Hypothesis for \'RESEARCH: TO-MORROW?”\': It depends on context.", \'depth\': 1, \'priority\': 6.0, \'source\': \'Recursion\'}\': It depends on context.', 'depth': 2, 'priority': 6.0, 'source': 'Recursion'}
► OUTPUT: Processing
════════════════════════════════════════════════════════════
════════════════════════════════════════════════════════════
[17:18:09] Reasoning::DECISION
► INPUT : {'type': 'THOUGHT', 'content': 'Hypothesis for \'{\'type\': \'THOUGHT\', \'content\': "Hypothesis for \'RESEARCH: TO-MORROW?”\': It depends on context.", \'depth\': 1, \'priority\': 6.0, \'source\': \'Recursion\'}\': It depends on context.', 'depth': 2, 'priority': 6.0, 'source': 'Recursion'}
► OUTPUT: {'type': 'ANSWER', 'content': 'Analysis: Proposition seems plausible. (Valid: True)', 'priority': 7.0}
════════════════════════════════════════════════════════════
════════════════════════════════════════════════════════════
[17:18:10] Reasoning::Thinking...
► INPUT : {'type': 'THOUGHT', 'content': 'Hypothesis for \'{\'type\': \'THOUGHT\', \'content\': \'Hypothesis for \\\'{\\\'type\\\': \\\'THOUGHT\\\', \\\'content\\\': "Hypothesis for \\\'RESEARCH: TO-MORROW?”\\\': It depends on context.", \\\'depth\\\': 1, \\\'priority\\\': 6.0, \\\'source\\\': \\\'Recursion\\\'}\\\': It depends on context.\', \'depth\': 2, \'priority\': 6.0, \'source\': \'Recursion\'}\': It depends on context.', 'depth': 3, 'priority': 6.0, 'source': 'Recursion'}
► OUTPUT: Processing
════════════════════════════════════════════════════════════
════════════════════════════════════════════════════════════
[17:18:10] Reasoning::DECISION
► INPUT : {'type': 'THOUGHT', 'content': 'Hypothesis for \'{\'type\': \'THOUGHT\', \'content\': \'Hypothesis for \\\'{\\\'type\\\': \\\'THOUGHT\\\', \\\'content\\\': "Hypothesis for \\\'RESEARCH: TO-MORROW?”\\\': It depends on context.", \\\'depth\\\': 1, \\\'priority\\\': 6.0, \\\'source\\\': \\\'Recursion\\\'}\\\': It depends on context.\', \'depth\': 2, \'priority\': 6.0, \'source\': \'Recursion\'}\': It depends on context.', 'depth': 3, 'priority': 6.0, 'source': 'Recursion'}
► OUTPUT: {'type': 'ANSWER', 'content': 'Analysis: Proposition seems plausible. (Valid: True)', 'priority': 7.0}
════════════════════════════════════════════════════════════
════════════════════════════════════════════════════════════
[17:18:10] Reasoning::Thinking...
► INPUT : {'type': 'THOUGHT', 'content': 'Hypothesis for \'{\'type\': \'THOUGHT\', \'content\': \'Hypothesis for \\\'{\\\'type\\\': \\\'THOUGHT\\\', \\\'content\\\': \\\'Hypothesis for \\\\\\\'{\\\\\\\'type\\\\\\\': \\\\\\\'THOUGHT\\\\\\\', \\\\\\\'content\\\\\\\': "Hypothesis for \\\\\\\'RESEARCH: TO-MORROW?”\\\\\\\': It depends on context.", \\\\\\\'depth\\\\\\\': 1, \\\\\\\'priority\\\\\\\': 6.0, \\\\\\\'source\\\\\\\': \\\\\\\'Recursion\\\\\\\'}\\\\\\\': It depends on context.\\\', \\\'depth\\\': 2, \\\'priority\\\': 6.0, \\\'source\\\': \\\'Recursion\\\'}\\\': It depends on context.\', \'depth\': 3, \'priority\': 6.0, \'source\': \'Recursion\'}\': It depends on context.', 'depth': 4, 'priority': 6.0, 'source': 'Recursion'}
► OUTPUT: Processing
════════════════════════════════════════════════════════════
════════════════════════════════════════════════════════════
[17:18:10] Reasoning::DECISION
► INPUT : {'type': 'THOUGHT', 'content': 'Hypothesis for \'{\'type\': \'THOUGHT\', \'content\': \'Hypothesis for \\\'{\\\'type\\\': \\\'THOUGHT\\\', \\\'content\\\': \\\'Hypothesis for \\\\\\\'{\\\\\\\'type\\\\\\\': \\\\\\\'THOUGHT\\\\\\\', \\\\\\\'content\\\\\\\': "Hypothesis for \\\\\\\'RESEARCH: TO-MORROW?”\\\\\\\': It depends on context.", \\\\\\\'depth\\\\\\\': 1, \\\\\\\'priority\\\\\\\': 6.0, \\\\\\\'source\\\\\\\': \\\\\\\'Recursion\\\\\\\'}\\\\\\\': It depends on context.\\\', \\\'depth\\\': 2, \\\'priority\\\': 6.0, \\\'source\\\': \\\'Recursion\\\'}\\\': It depends on context.\', \'depth\': 3, \'priority\': 6.0, \'source\': \'Recursion\'}\': It depends on context.', 'depth': 4, 'priority': 6.0, 'source': 'Recursion'}
► OUTPUT: {'type': 'ANSWER', 'content': 'Analysis: Proposition seems plausible. (Valid: True)', 'priority': 7.0}
════════════════════════════════════════════════════════════
════════════════════════════════════════════════════════════
[17:18:11] Reasoning::Thinking...
► INPUT : {'type': 'THOUGHT', 'content': 'Hypothesis for \'{\'type\': \'THOUGHT\', \'content\': \'Hypothesis for \\\'{\\\'type\\\': \\\'THOUGHT\\\', \\\'content\\\': \\\'Hypothesis for \\\\\\\'{\\\\\\\'type\\\\\\\': \\\\\\\'THOUGHT\\\\\\\', \\\\\\\'content\\\\\\\': \\\\\\\'Hypothesis for \\\\\\\\\\\\\\\'{\\\\\\\\\\\\\\\'type\\\\\\\\\\\\\\\': \\\\\\\\\\\\\\\'THOUGHT\\\\\\\\\\\\\\\', \\\\\\\\\\\\\\\'content\\\\\\\\\\\\\\\': "Hypothesis for \\\\\\\\\\\\\\\'RESEARCH: TO-MORROW?”\\\\\\\\\\\\\\\': It depends on context.", \\\\\\\\\\\\\\\'depth\\\\\\\\\\\\\\\': 1, \\\\\\\\\\\\\\\'priority\\\\\\\\\\\\\\\': 6.0, \\\\\\\\\\\\\\\'source\\\\\\\\\\\\\\\': \\\\\\\\\\\\\\\'Recursion\\\\\\\\\\\\\\\'}\\\\\\\\\\\\\\\': It depends on context.\\\\\\\', \\\\\\\'depth\\\\\\\': 2, \\\\\\\'priority\\\\\\\': 6.0, \\\\\\\'source\\\\\\\': \\\\\\\'Recursion\\\\\\\'}\\\\\\\': It depends on context.\\\', \\\'depth\\\': 3, \\\'priority\\\': 6.0, \\\'source\\\': \\\'Recursion\\\'}\\\': It depends on context.\', \'depth\': 4, \'priority\': 6.0, \'source\': \'Recursion\'}\': It depends on context.', 'depth': 5, 'priority': 6.0, 'source': 'Recursion'}
► OUTPUT: Processing
════════════════════════════════════════════════════════════
════════════════════════════════════════════════════════════
[17:18:11] Reasoning::DECISION
► INPUT : {'type': 'THOUGHT', 'content': 'Hypothesis for \'{\'type\': \'THOUGHT\', \'content\': \'Hypothesis for \\\'{\\\'type\\\': \\\'THOUGHT\\\', \\\'content\\\': \\\'Hypothesis for \\\\\\\'{\\\\\\\'type\\\\\\\': \\\\\\\'THOUGHT\\\\\\\', \\\\\\\'content\\\\\\\': \\\\\\\'Hypothesis for \\\\\\\\\\\\\\\'{\\\\\\\\\\\\\\\'type\\\\\\\\\\\\\\\': \\\\\\\\\\\\\\\'THOUGHT\\\\\\\\\\\\\\\', \\\\\\\\\\\\\\\'content\\\\\\\\\\\\\\\': "Hypothesis for \\\\\\\\\\\\\\\'RESEARCH: TO-MORROW?”\\\\\\\\\\\\\\\': It depends on context.", \\\\\\\\\\\\\\\'depth\\\\\\\\\\\\\\\': 1, \\\\\\\\\\\\\\\'priority\\\\\\\\\\\\\\\': 6.0, \\\\\\\\\\\\\\\'source\\\\\\\\\\\\\\\': \\\\\\\\\\\\\\\'Recursion\\\\\\\\\\\\\\\'}\\\\\\\\\\\\\\\': It depends on context.\\\\\\\', \\\\\\\'depth\\\\\\\': 2, \\\\\\\'priority\\\\\\\': 6.0, \\\\\\\'source\\\\\\\': \\\\\\\'Recursion\\\\\\\'}\\\\\\\': It depends on context.\\\', \\\'depth\\\': 3, \\\'priority\\\': 6.0, \\\'source\\\': \\\'Recursion\\\'}\\\': It depends on context.\', \'depth\': 4, \'priority\': 6.0, \'source\': \'Recursion\'}\': It depends on context.', 'depth': 5, 'priority': 6.0, 'source': 'Recursion'}
► OUTPUT: {'type': 'ANSWER', 'content': 'Analysis: Proposition seems plausible. (Valid: True)', 'priority': 7.0}
════════════════════════════════════════════════════════════
